<?xml version="1.0" encoding="UTF-8"?>
<testng-results skipped="0" failed="0" ignored="0" total="0" passed="0">
  <reporter-output>
  </reporter-output>
  <suite name="EventListTest" duration-ms="3" started-at="2017-12-07T23:18:56Z" finished-at="2017-12-07T23:18:56Z">
    <groups>
    </groups>
    <test name="Command line test" duration-ms="3" started-at="2017-12-07T23:18:56Z" finished-at="2017-12-07T23:18:56Z">
    </test> <!-- Command line test -->
  </suite> <!-- EventListTest -->
</testng-results>
